[kbplacer_plugin_action.py:78]: Plugin executed with KiCad version: 7.0.7
[kbplacer_plugin_action.py:79]: Plugin executed with python version: '3.9.16 (main, Aug  8 2023, 05:38:28) [MSC v.1936 64 bit (AMD64)]'
[kbplacer_dialog.py:392]: Language: en
[kbplacer_plugin_action.py:95]: GUI state: {"switch_section": {"annotation": "SW{}", "layout_path": "C:\\Users\\tkdeh\\Downloads\\sixtar_switch_keyboard.json", "x_distance": "19.05", "y_distance": "19.05"}, "switch_diodes_section": {"enable": false, "element_info": {"annotation_format": "D{}", "position_option": "Default", "position": {"relative_position": [5.08, 3.03], "orientation": 90.0, "side": "BACK"}}}, "additional_elements": {"elements_info": []}, "misc_section": {"route_tracks": true, "template_path": ""}}
[key_placer.py:68]: Set key 1U distance: 19050000/19050000
[key_placer.py:282]: User layout: [{'name': 'Sixtar_Switch_Keyboard', 'author': 'GVSolgryn', 'switchMount': 'cherry'}, [{'a': 7, 'w': 2}, 'Hat L', {'st': 'MX1A-21xx'}, '↑', {'x': 6, 'sm': 'cherry', 'sb': 'cherry'}, 'X', {'w': 2}, 'Hat R'], [{'x': 1}, '←', 'LS', '→', {'x': 1}, 'L', 'R', {'x': 1}, 'Y', 'RS', 'A'], [{'x': 2}, '↓', {'x': 2}, '-', '+', {'x': 2}, 'B'], ['CAP', {'x': 10}, 'HOME'], [{'x': 3, 'w': 2}, 'ZL', {'x': 2, 'w': 2}, 'ZR']]
[board_modifier.py:38]: Searching for SW1 footprint
[board_modifier.py:49]: Setting SW1 footprint position: (44050000, 34525000)
[key_placer.py:363]: Switch pad without recognized net name found.
[board_modifier.py:38]: Searching for  footprint
[board_modifier.py:41]: Footprint not found
[board_modifier.py:38]: Searching for SW2 footprint
[board_modifier.py:49]: Setting SW2 footprint position: (72625000, 34525000)
[key_placer.py:363]: Switch pad without recognized net name found.
[board_modifier.py:38]: Searching for  footprint
[board_modifier.py:41]: Footprint not found
[board_modifier.py:38]: Searching for SW3 footprint
[board_modifier.py:49]: Setting SW3 footprint position: (205975000, 34525000)
[key_placer.py:363]: Switch pad without recognized net name found.
[board_modifier.py:38]: Searching for  footprint
[board_modifier.py:41]: Footprint not found
[board_modifier.py:38]: Searching for SW4 footprint
[board_modifier.py:49]: Setting SW4 footprint position: (234550000, 34525000)
[key_placer.py:363]: Switch pad without recognized net name found.
[board_modifier.py:38]: Searching for  footprint
[board_modifier.py:41]: Footprint not found
[board_modifier.py:38]: Searching for SW5 footprint
[board_modifier.py:49]: Setting SW5 footprint position: (53575000, 53575000)
[key_placer.py:363]: Switch pad without recognized net name found.
[board_modifier.py:38]: Searching for  footprint
[board_modifier.py:41]: Footprint not found
[board_modifier.py:38]: Searching for SW6 footprint
[board_modifier.py:49]: Setting SW6 footprint position: (72625000, 53575000)
[key_placer.py:363]: Switch pad without recognized net name found.
[board_modifier.py:38]: Searching for  footprint
[board_modifier.py:41]: Footprint not found
[board_modifier.py:38]: Searching for SW7 footprint
[board_modifier.py:49]: Setting SW7 footprint position: (91675000, 53575000)
[key_placer.py:363]: Switch pad without recognized net name found.
[board_modifier.py:38]: Searching for  footprint
[board_modifier.py:41]: Footprint not found
[board_modifier.py:38]: Searching for SW8 footprint
[board_modifier.py:49]: Setting SW8 footprint position: (129775000, 53575000)
[key_placer.py:363]: Switch pad without recognized net name found.
[board_modifier.py:38]: Searching for  footprint
[board_modifier.py:41]: Footprint not found
[board_modifier.py:38]: Searching for SW9 footprint
[board_modifier.py:49]: Setting SW9 footprint position: (148825000, 53575000)
[key_placer.py:363]: Switch pad without recognized net name found.
[board_modifier.py:38]: Searching for  footprint
[board_modifier.py:41]: Footprint not found
[board_modifier.py:38]: Searching for SW10 footprint
[board_modifier.py:49]: Setting SW10 footprint position: (186925000, 53575000)
[key_placer.py:363]: Switch pad without recognized net name found.
[board_modifier.py:38]: Searching for  footprint
[board_modifier.py:41]: Footprint not found
[board_modifier.py:38]: Searching for SW11 footprint
[board_modifier.py:49]: Setting SW11 footprint position: (205975000, 53575000)
[key_placer.py:363]: Switch pad without recognized net name found.
[board_modifier.py:38]: Searching for  footprint
[board_modifier.py:41]: Footprint not found
[board_modifier.py:38]: Searching for SW12 footprint
[board_modifier.py:49]: Setting SW12 footprint position: (225025000, 53575000)
[key_placer.py:363]: Switch pad without recognized net name found.
[board_modifier.py:38]: Searching for  footprint
[board_modifier.py:41]: Footprint not found
[board_modifier.py:38]: Searching for SW13 footprint
[board_modifier.py:49]: Setting SW13 footprint position: (72625000, 72625000)
[key_placer.py:363]: Switch pad without recognized net name found.
[board_modifier.py:38]: Searching for  footprint
[board_modifier.py:41]: Footprint not found
[board_modifier.py:38]: Searching for SW14 footprint
[board_modifier.py:49]: Setting SW14 footprint position: (129775000, 72625000)
[key_placer.py:363]: Switch pad without recognized net name found.
[board_modifier.py:38]: Searching for  footprint
[board_modifier.py:41]: Footprint not found
[board_modifier.py:38]: Searching for SW15 footprint
[board_modifier.py:49]: Setting SW15 footprint position: (148825000, 72625000)
[key_placer.py:363]: Switch pad without recognized net name found.
[board_modifier.py:38]: Searching for  footprint
[board_modifier.py:41]: Footprint not found
[board_modifier.py:38]: Searching for SW16 footprint
[board_modifier.py:49]: Setting SW16 footprint position: (205975000, 72625000)
[key_placer.py:363]: Switch pad without recognized net name found.
[board_modifier.py:38]: Searching for  footprint
[board_modifier.py:41]: Footprint not found
[board_modifier.py:38]: Searching for SW17 footprint
[board_modifier.py:49]: Setting SW17 footprint position: (34525000, 91675000)
[key_placer.py:363]: Switch pad without recognized net name found.
[board_modifier.py:38]: Searching for  footprint
[board_modifier.py:41]: Footprint not found
[board_modifier.py:38]: Searching for SW18 footprint
[board_modifier.py:49]: Setting SW18 footprint position: (244075000, 91675000)
[key_placer.py:363]: Switch pad without recognized net name found.
[board_modifier.py:38]: Searching for  footprint
[board_modifier.py:41]: Footprint not found
[board_modifier.py:38]: Searching for SW19 footprint
[board_modifier.py:49]: Setting SW19 footprint position: (101200000, 110725000)
[key_placer.py:363]: Switch pad without recognized net name found.
[board_modifier.py:38]: Searching for  footprint
[board_modifier.py:41]: Footprint not found
[board_modifier.py:38]: Searching for SW20 footprint
[board_modifier.py:49]: Setting SW20 footprint position: (177400000, 110725000)
[key_placer.py:363]: Switch pad without recognized net name found.
[board_modifier.py:38]: Searching for  footprint
[board_modifier.py:41]: Footprint not found
